<?xml version="1.0" encoding="UTF-8"?>
<testng-results total="5" passed="5" failed="0" skipped="0">
  <reporter-output>
  </reporter-output>
  <suite started-at="2020-10-05T14:19:49Z" name="MyArtifactSuite" finished-at="2020-10-05T14:20:09Z" duration-ms="20689">
    <groups>
    </groups>
    <test started-at="2020-10-05T14:19:49Z" name="AllSuites" finished-at="2020-10-05T14:20:09Z" duration-ms="20689">
      <class name="test.TestShopping">
        <test-method is-config="true" signature="setup()[pri:0, instance:test.TestShopping@6b81ce95]" started-at="2020-10-05T16:19:49Z" name="setup" finished-at="2020-10-05T16:19:56Z" duration-ms="7640" status="PASS">
          <reporter-output>
          </reporter-output>
        </test-method> <!-- setup -->
        <test-method signature="Login()[pri:0, instance:test.TestShopping@6b81ce95]" started-at="2020-10-05T16:19:56Z" name="Login" description="Adding login details" finished-at="2020-10-05T16:20:01Z" duration-ms="4293" status="PASS">
          <reporter-output>
          </reporter-output>
        </test-method> <!-- Login -->
        <test-method signature="addproducts()[pri:1, instance:test.TestShopping@6b81ce95]" started-at="2020-10-05T16:20:01Z" name="addproducts" description="Adding product into cart" finished-at="2020-10-05T16:20:04Z" duration-ms="3461" status="PASS">
          <reporter-output>
          </reporter-output>
        </test-method> <!-- addproducts -->
        <test-method signature="addinfo()[pri:2, instance:test.TestShopping@6b81ce95]" started-at="2020-10-05T16:20:04Z" name="addinfo" description="Adding personal information" finished-at="2020-10-05T16:20:08Z" duration-ms="3423" status="PASS">
          <reporter-output>
          </reporter-output>
        </test-method> <!-- addinfo -->
        <test-method signature="verifytotal()[pri:3, instance:test.TestShopping@6b81ce95]" started-at="2020-10-05T16:20:08Z" name="verifytotal" description="Verifying total in cart" finished-at="2020-10-05T16:20:08Z" duration-ms="95" status="PASS">
          <reporter-output>
          </reporter-output>
        </test-method> <!-- verifytotal -->
        <test-method signature="finishorder()[pri:4, instance:test.TestShopping@6b81ce95]" started-at="2020-10-05T16:20:08Z" name="finishorder" description="Confirming the order" finished-at="2020-10-05T16:20:09Z" duration-ms="1766" status="PASS">
          <reporter-output>
          </reporter-output>
        </test-method> <!-- finishorder -->
      </class> <!-- test.TestShopping -->
    </test> <!-- AllSuites -->
  </suite> <!-- MyArtifactSuite -->
</testng-results>
